<?xml version="1.0" encoding="UTF-8"?>
<!-- Generated by org.testng.reporters.JUnitReportReporter -->
<testsuite ignored="1" hostname="Rahuls-MacBook-Pro.local" failures="0" tests="1" name="com.app.purplle.tests.AppCrash" time="61.795" errors="0" timestamp="18 Feb 2019 05:49:07 GMT" skipped="0">
  <testcase classname="com.app.purplle.tests.AppCrash" name="clicking_Banner_And_Checking_Logs" time="61.795"/>
  <testcase classname="com.app.purplle.tests.AppCrash" name="app_Crash_Scenario">
    <skipped/>
  </testcase> <!-- app_Crash_Scenario -->
</testsuite> <!-- com.app.purplle.tests.AppCrash -->
