<?xml version="1.0" encoding="UTF-8"?>
<!-- Generated by org.testng.reporters.JUnitReportReporter -->
<testsuite ignored="0" hostname="Rahuls-MacBook-Pro.local" failures="0" tests="1" name="com.app.purplle.tests.Crash" time="0.021" errors="0" timestamp="18 Feb 2019 05:12:24 GMT" skipped="0">
  <testcase classname="com.app.purplle.tests.Crash" name="tsttt" time="0.021"/>
</testsuite> <!-- com.app.purplle.tests.Crash -->
